[0;34m[INFO][0m 2025-07-31 11:22:08 - Starting 01-infra-foundation stage destruction
[0;34m[INFO][0m 2025-07-31 11:22:08 - Log file: /Users/flackey/Source/fredlackey/public/aws-spa-terraform/iac/01-infra-foundation/logs/destroy-20250731-112208.log

[0;34m===============================================================================[0m
[0;34mAuthentication Validation[0m
[0;34m===============================================================================[0m

[0;34m[INFO][0m 2025-07-31 11:22:08 - Validating AWS SSO authentication for both accounts
[0;34m[INFO][0m 2025-07-31 11:22:08 - Checking infrastructure account authentication ()
[0;32m[SUCCESS][0m 2025-07-31 11:22:13 - Infrastructure account authentication valid
[0;34m[INFO][0m 2025-07-31 11:22:13 - Identity: 
[0;34m[INFO][0m 2025-07-31 11:22:13 - Checking hosting account authentication ()
[0;32m[SUCCESS][0m 2025-07-31 11:22:14 - Hosting account authentication valid
[0;34m[INFO][0m 2025-07-31 11:22:14 - Identity: 
[0;32m[SUCCESS][0m 2025-07-31 11:22:14 - AWS SSO authentication validation completed successfully

[0;34m===============================================================================[0m
[0;34mDependency Validation[0m
[0;34m===============================================================================[0m

[0;34m[INFO][0m 2025-07-31 11:22:14 - Checking for dependent stages that might be using current resources

[0;34m===============================================================================[0m
[0;34mState Evaluation[0m
[0;34m===============================================================================[0m

[0;34m[INFO][0m 2025-07-31 11:22:14 - Evaluating state for resource destruction
[0;34m[INFO][0m 2025-07-31 11:22:14 - Validating AWS SSO authentication for both accounts
[0;34m[INFO][0m 2025-07-31 11:22:14 - Checking infrastructure account authentication ()
[0;32m[SUCCESS][0m 2025-07-31 11:22:14 - Infrastructure account authentication valid
[0;34m[INFO][0m 2025-07-31 11:22:14 - Identity: 
[0;34m[INFO][0m 2025-07-31 11:22:14 - Checking hosting account authentication ()
[0;32m[SUCCESS][0m 2025-07-31 11:22:14 - Hosting account authentication valid
[0;34m[INFO][0m 2025-07-31 11:22:14 - Identity: 
[0;32m[SUCCESS][0m 2025-07-31 11:22:14 - AWS SSO authentication validation completed successfully
[0;34m[INFO][0m 2025-07-31 11:22:15 - No IAM role found to clean up
[0;32m[SUCCESS][0m 2025-07-31 11:22:15 - Destruction state evaluation completed

[0;34m===============================================================================[0m
[0;34mInput Preparation[0m
[0;34m===============================================================================[0m

[0;34m[INFO][0m 2025-07-31 11:22:15 - Preparing configuration for destruction
[0;34m[INFO][0m 2025-07-31 11:22:15 - Auto-discovering configuration file for destruction
[0;34m[INFO][0m 2025-07-31 11:22:15 - Loading configuration from: /Users/flackey/Source/fredlackey/public/aws-spa-terraform/iac/01-infra-foundation/output/thuapp-config-sbx.json
[0;32m[SUCCESS][0m 2025-07-31 11:22:15 - Configuration loaded successfully
[0;34m[INFO][0m 2025-07-31 11:22:15 - Project: thuapp | Environment: sbx | Region: us-east-1
[0;34m[INFO][0m 2025-07-31 11:22:15 - Infrastructure Profile: bh-infra | Hosting Profile: bh-fred-sandbox
[0;32m[SUCCESS][0m 2025-07-31 11:22:15 - Destruction configuration prepared

[0;34m===============================================================================[0m
[0;34mResource Destruction[0m
[0;34m===============================================================================[0m

[0;34m[INFO][0m 2025-07-31 11:22:15 - Executing resource destruction
[0;34m[INFO][0m 2025-07-31 11:22:15 - Cleaning up IAM resources
[0;34m[INFO][0m 2025-07-31 11:22:15 - IAM role does not exist, nothing to clean up
[0;32m[SUCCESS][0m 2025-07-31 11:22:15 - IAM resource cleanup completed
[0;34m[INFO][0m 2025-07-31 11:22:15 - Cleaning up certificate resources
[1;33m[WARNING][0m 2025-07-31 11:22:16 - Found certificate for domain: thuapp.sbx.briskhaven.com
[1;33m[WARNING][0m 2025-07-31 11:22:16 - Certificate ARN: arn:aws:acm:us-east-1:415730361381:certificate/e40a8527-890a-450c-a6d2-06918faa8dd9
[1;33m[WARNING][0m 2025-07-31 11:22:16 - Note: Certificates are not automatically deleted for safety
[1;33m[WARNING][0m 2025-07-31 11:22:16 - If you need to delete the certificate, do so manually from the AWS Console
[1;33m[WARNING][0m 2025-07-31 11:22:16 - This preserves certificates that might be used by other resources
[0;32m[SUCCESS][0m 2025-07-31 11:22:16 - Certificate resource cleanup completed
[0;32m[SUCCESS][0m 2025-07-31 11:22:16 - Resource destruction completed successfully
[0;32m[SUCCESS][0m 2025-07-31 11:22:16 - 01-infra-foundation stage destruction completed successfully
