[0;34m[INFO][0m 2025-07-31 11:20:52 - Starting 01-infra-foundation stage destruction
[0;34m[INFO][0m 2025-07-31 11:20:52 - Log file: /Users/flackey/Source/fredlackey/public/aws-spa-terraform/iac/01-infra-foundation/logs/destroy-20250731-112052.log

[0;34m===============================================================================[0m
[0;34mAuthentication Validation[0m
[0;34m===============================================================================[0m

[0;34m[INFO][0m 2025-07-31 11:20:52 - Validating AWS SSO authentication for both accounts
[0;34m[INFO][0m 2025-07-31 11:20:52 - Checking infrastructure account authentication ()
[0;32m[SUCCESS][0m 2025-07-31 11:20:56 - Infrastructure account authentication valid
[0;34m[INFO][0m 2025-07-31 11:20:56 - Identity: 
[0;34m[INFO][0m 2025-07-31 11:20:56 - Checking hosting account authentication ()
[0;32m[SUCCESS][0m 2025-07-31 11:20:56 - Hosting account authentication valid
[0;34m[INFO][0m 2025-07-31 11:20:56 - Identity: 
[0;32m[SUCCESS][0m 2025-07-31 11:20:56 - AWS SSO authentication validation completed successfully

[0;34m===============================================================================[0m
[0;34mDependency Validation[0m
[0;34m===============================================================================[0m

[0;34m[INFO][0m 2025-07-31 11:20:56 - Checking for dependent stages that might be using current resources

[0;34m===============================================================================[0m
[0;34mState Evaluation[0m
[0;34m===============================================================================[0m

[0;34m[INFO][0m 2025-07-31 11:20:56 - Evaluating state for resource destruction
[0;34m[INFO][0m 2025-07-31 11:20:56 - Validating AWS SSO authentication for both accounts
[0;34m[INFO][0m 2025-07-31 11:20:56 - Checking infrastructure account authentication ()
[0;32m[SUCCESS][0m 2025-07-31 11:20:56 - Infrastructure account authentication valid
[0;34m[INFO][0m 2025-07-31 11:20:56 - Identity: 
[0;34m[INFO][0m 2025-07-31 11:20:56 - Checking hosting account authentication ()
[0;32m[SUCCESS][0m 2025-07-31 11:20:57 - Hosting account authentication valid
[0;34m[INFO][0m 2025-07-31 11:20:57 - Identity: 
[0;32m[SUCCESS][0m 2025-07-31 11:20:57 - AWS SSO authentication validation completed successfully
[0;34m[INFO][0m 2025-07-31 11:20:57 - No IAM role found to clean up
[0;32m[SUCCESS][0m 2025-07-31 11:20:57 - Destruction state evaluation completed

[0;34m===============================================================================[0m
[0;34mInput Preparation[0m
[0;34m===============================================================================[0m

[0;34m[INFO][0m 2025-07-31 11:20:57 - Preparing configuration for destruction
[0;34m[INFO][0m 2025-07-31 11:20:57 - Auto-discovering input file from previous stage
[0;34m[INFO][0m 2025-07-31 11:20:57 - Loading configuration from: /Users/flackey/Source/fredlackey/public/aws-spa-terraform/iac/01-infra-foundation/input/thuapp-config-sbx.json
[0;32m[SUCCESS][0m 2025-07-31 11:20:57 - Configuration loaded successfully
[0;34m[INFO][0m 2025-07-31 11:20:57 - Project: thuapp | Environment: sbx | Region: us-east-1
[0;34m[INFO][0m 2025-07-31 11:20:57 - Infrastructure Profile: bh-infra | Hosting Profile: bh-fred-sandbox
[0;32m[SUCCESS][0m 2025-07-31 11:20:57 - Input configuration prepared successfully
[0;32m[SUCCESS][0m 2025-07-31 11:20:57 - Destruction configuration prepared

[0;34m===============================================================================[0m
[0;34mResource Destruction[0m
[0;34m===============================================================================[0m

[0;34m[INFO][0m 2025-07-31 11:20:57 - Executing resource destruction
[0;34m[INFO][0m 2025-07-31 11:20:57 - Cleaning up IAM resources
[0;34m[INFO][0m 2025-07-31 11:20:58 - IAM role does not exist, nothing to clean up
[0;32m[SUCCESS][0m 2025-07-31 11:20:58 - IAM resource cleanup completed
[0;34m[INFO][0m 2025-07-31 11:20:58 - Cleaning up certificate resources
[1;33m[WARNING][0m 2025-07-31 11:20:58 - Found certificate for domain: thuapp.sbx.briskhaven.com
[1;33m[WARNING][0m 2025-07-31 11:20:58 - Certificate ARN: [0;34m[INFO][0m 2025-07-31 11:20:58 - Searching for existing SSL certificates for domain: thuapp.sbx.briskhaven.com (profile: bh-fred-sandbox)
[0;32m[SUCCESS][0m 2025-07-31 11:20:58 - Found existing certificate: arn:aws:acm:us-east-1:415730361381:certificate/e40a8527-890a-450c-a6d2-06918faa8dd9
arn:aws:acm:us-east-1:415730361381:certificate/e40a8527-890a-450c-a6d2-06918faa8dd9
[1;33m[WARNING][0m 2025-07-31 11:20:58 - Note: Certificates are not automatically deleted for safety
[1;33m[WARNING][0m 2025-07-31 11:20:58 - If you need to delete the certificate, do so manually from the AWS Console
[1;33m[WARNING][0m 2025-07-31 11:20:58 - This preserves certificates that might be used by other resources
[0;32m[SUCCESS][0m 2025-07-31 11:20:58 - Certificate resource cleanup completed
[0;32m[SUCCESS][0m 2025-07-31 11:20:58 - Resource destruction completed successfully
[0;32m[SUCCESS][0m 2025-07-31 11:20:58 - 01-infra-foundation stage destruction completed successfully
